{
  level: 'info',
  message: 'Socket ID : -E5WaE9F2QPndwfFAAAA connected.',
  label: 'socket',
  timestamp: '2020-08-25 00:00:21'
}
{
  level: 'info',
  message: 'Socket ID : Yw2s0-EU-hZsgnUeAAAA connected.',
  label: 'socket',
  timestamp: '2020-08-25 00:01:05'
}
{
  level: 'info',
  message: 'Socket ID : 2uGkIxRyghNylsr-AAAA connected.',
  label: 'socket',
  timestamp: '2020-08-25 00:02:26'
}
{
  level: 'info',
  message: 'Socket ID : u7_oAHON21jQOGVhAAAA connected.',
  label: 'socket',
  timestamp: '2020-08-25 00:02:39'
}
{
  level: 'info',
  message: 'Socket ID : QN3ABUWGL8ehti41AAAA connected.',
  label: 'socket',
  timestamp: '2020-08-25 00:03:14'
}
{
  level: 'info',
  message: 'Socket ID : u0PkWDadKR_bUs3mAAAA connected.',
  label: 'socket',
  timestamp: '2020-08-25 00:03:21'
}
{
  level: 'info',
  message: 'Socket ID : Z27LJYLI-Q8cqToxAAAB connected.',
  label: 'socket',
  timestamp: '2020-08-25 00:03:59'
}
{
  level: 'info',
  message: 'Socket ID : Zu6GgJDWxql-p_lEAAAC connected.',
  label: 'socket',
  timestamp: '2020-08-25 01:05:24'
}
{
  level: 'info',
  message: 'Socket ID : uODCG_idbrTJMc-RAAAD connected.',
  label: 'socket',
  timestamp: '2020-08-25 01:05:28'
}
{
  level: 'info',
  message: 'Socket ID : 2JMu74ceWMJ-rPt4AAAE connected.',
  label: 'socket',
  timestamp: '2020-08-25 01:05:43'
}
{
  level: 'info',
  message: '[llewyn] OFF',
  label: 'switch',
  timestamp: '2020-08-25 01:06:36'
}
{
  level: 'info',
  message: '[llewyn] OFF',
  label: 'switch',
  timestamp: '2020-08-25 01:06:38'
}
{
  level: 'info',
  message: '[llewyn] OFF',
  label: 'switch',
  timestamp: '2020-08-25 01:06:39'
}
{
  level: 'info',
  message: 'Socket ID : F8qL4GBYjpIhiVO-AAAF connected.',
  label: 'socket',
  timestamp: '2020-08-25 01:09:10'
}
{
  level: 'info',
  message: 'Socket ID : JHmnFD4sLIpnh_5OAAAG connected.',
  label: 'socket',
  timestamp: '2020-08-25 01:10:07'
}
{
  level: 'info',
  message: 'Socket ID : V0hPOYspW0RFoMQjAAAH connected.',
  label: 'socket',
  timestamp: '2020-08-25 01:13:29'
}
{
  level: 'info',
  message: 'Socket ID : V0hPOYspW0RFoMQjAAAH Switch Control.',
  label: 'socket',
  timestamp: '2020-08-25 01:36:22'
}
{
  level: 'info',
  message: '[llewyn] ON',
  label: 'switch',
  timestamp: '2020-08-25 01:36:22'
}
{
  level: 'info',
  message: 'Socket ID : V0hPOYspW0RFoMQjAAAH Switch Control.',
  label: 'socket',
  timestamp: '2020-08-25 01:36:32'
}
{
  level: 'info',
  message: '[llewyn] ON',
  label: 'switch',
  timestamp: '2020-08-25 01:36:32'
}
{
  level: 'info',
  message: 'Socket ID : I6JsK-4xhsDn2uljAAAA connected.',
  label: 'socket',
  timestamp: '2020-08-25 01:41:07'
}
{
  level: 'info',
  message: 'Socket ID : BB4Mql0cTWO6R790AAAA connected.',
  label: 'socket',
  timestamp: '2020-08-25 01:41:38'
}
{
  level: 'info',
  message: 'Socket ID : jFaLW5N5ldkekxKGAAAB connected.',
  label: 'socket',
  timestamp: '2020-08-25 01:44:22'
}
{
  level: 'info',
  message: 'Socket ID : jFaLW5N5ldkekxKGAAAB Switch Control.',
  label: 'socket',
  timestamp: '2020-08-25 01:44:29'
}
{
  level: 'info',
  message: '[llewyn] OFF',
  label: 'switch',
  timestamp: '2020-08-25 01:44:29'
}
{
  level: 'info',
  message: 'Socket ID : wZCpoexjXyQOhR7zAAAA connected.',
  label: 'socket',
  timestamp: '2020-08-25 01:47:07'
}
{
  level: 'info',
  message: 'Socket ID : 1BaJHoGliu9L-XN8AAAA connected.',
  label: 'socket',
  timestamp: '2020-08-25 01:47:34'
}
{
  level: 'info',
  message: 'Socket ID : 1ER4kJCCM9EGsdvSAAAA connected.',
  label: 'socket',
  timestamp: '2020-08-25 01:50:28'
}
{
  level: 'info',
  message: 'Socket ID : j1rSI_IkhU6ujEZiAAAB connected.',
  label: 'socket',
  timestamp: '2020-08-25 01:50:28'
}
{
  level: 'info',
  message: 'Socket ID : j1rSI_IkhU6ujEZiAAAB Switch Control.',
  label: 'socket',
  timestamp: '2020-08-25 01:50:31'
}
{
  level: 'info',
  message: '[llewyn] ON',
  label: 'switch',
  timestamp: '2020-08-25 01:50:31'
}
{
  level: 'info',
  message: 'Socket ID : qFVEd-HfTF_VlI47AAAA connected.',
  label: 'socket',
  timestamp: '2020-08-25 01:51:31'
}
{
  level: 'info',
  message: 'Socket ID : qFVEd-HfTF_VlI47AAAA disconnected.',
  label: 'socket',
  timestamp: '2020-08-25 01:51:33'
}
{
  level: 'info',
  message: 'Socket ID : nAe3owC9BuWlsyciAAAB connected.',
  label: 'socket',
  timestamp: '2020-08-25 01:51:33'
}
{
  level: 'info',
  message: 'Socket ID : nAe3owC9BuWlsyciAAAB Switch Control.',
  label: 'socket',
  timestamp: '2020-08-25 01:51:35'
}
{
  level: 'info',
  message: '[llewyn] OFF',
  label: 'switch',
  timestamp: '2020-08-25 01:51:35'
}
{
  level: 'info',
  message: 'Socket ID : gArN9p_QtqVfuug0AAAA connected.',
  label: 'socket',
  timestamp: '2020-08-25 02:19:51'
}
{
  level: 'info',
  message: 'Socket ID : gArN9p_QtqVfuug0AAAA disconnected.',
  label: 'socket',
  timestamp: '2020-08-25 02:19:54'
}
{
  level: 'info',
  message: 'Socket ID : HlLobn6E-5nXqubpAAAB connected.',
  label: 'socket',
  timestamp: '2020-08-25 02:19:54'
}
{
  level: 'info',
  message: 'Socket ID : YGcxEDZhhiLCVZmhAAAA connected.',
  label: 'socket',
  timestamp: '2020-08-25 02:20:32'
}
{
  level: 'info',
  message: 'Socket ID : YGcxEDZhhiLCVZmhAAAA disconnected.',
  label: 'socket',
  timestamp: '2020-08-25 02:20:33'
}
{
  level: 'info',
  message: 'Socket ID : I8xJ3TDN-uFPisCTAAAB connected.',
  label: 'socket',
  timestamp: '2020-08-25 02:20:33'
}
{
  level: 'info',
  message: 'Socket ID : Xv-2vW7mLoFqsG1NAAAA connected.',
  label: 'socket',
  timestamp: '2020-08-25 02:21:30'
}
{
  level: 'info',
  message: 'Socket ID : xCXvVNZymCvDkWzKAAAA connected.',
  label: 'socket',
  timestamp: '2020-08-25 02:21:32'
}
{
  level: 'info',
  message: 'Socket ID : xCXvVNZymCvDkWzKAAAA disconnected.',
  label: 'socket',
  timestamp: '2020-08-25 02:21:33'
}
{
  level: 'info',
  message: 'Socket ID : P-Ai_f_BirqKlCJ_AAAB connected.',
  label: 'socket',
  timestamp: '2020-08-25 02:21:33'
}
{
  level: 'info',
  message: 'Socket ID : 0-TtBE84K3t-ix6SAAAA connected.',
  label: 'socket',
  timestamp: '2020-08-25 02:21:40'
}
{
  level: 'info',
  message: 'Socket ID : SIwiKoa73vTKHTFAAAAA connected.',
  label: 'socket',
  timestamp: '2020-08-25 02:22:43'
}
{
  level: 'info',
  message: 'Socket ID : SIwiKoa73vTKHTFAAAAA disconnected.',
  label: 'socket',
  timestamp: '2020-08-25 02:22:44'
}
{
  level: 'info',
  message: 'Socket ID : UhYG9EEw-vCesD8SAAAB connected.',
  label: 'socket',
  timestamp: '2020-08-25 02:22:44'
}
{
  level: 'info',
  message: 'Socket ID : UhYG9EEw-vCesD8SAAAB disconnected.',
  label: 'socket',
  timestamp: '2020-08-25 02:24:39'
}
{
  level: 'info',
  message: '[llewyn] ON',
  label: 'switch',
  timestamp: '2020-08-25 02:24:45'
}
{
  level: 'info',
  message: 'Socket ID : maTLW9hVOdDThRTqAAAC connected.',
  label: 'socket',
  timestamp: '2020-08-25 02:24:46'
}
{
  level: 'info',
  message: 'Socket ID : maTLW9hVOdDThRTqAAAC disconnected.',
  label: 'socket',
  timestamp: '2020-08-25 02:53:35'
}
{
  level: 'info',
  message: 'Socket ID : VhiCr_TuKTdUlnWvAAAD connected.',
  label: 'socket',
  timestamp: '2020-08-25 02:53:36'
}
{
  level: 'info',
  message: 'Socket ID : VhiCr_TuKTdUlnWvAAAD Switch Control.',
  label: 'socket',
  timestamp: '2020-08-25 04:04:16'
}
{
  level: 'info',
  message: '[llewyn] ON',
  label: 'switch',
  timestamp: '2020-08-25 04:04:16'
}
{
  level: 'info',
  message: 'Socket ID : VhiCr_TuKTdUlnWvAAAD Switch Control.',
  label: 'socket',
  timestamp: '2020-08-25 04:04:16'
}
{
  level: 'info',
  message: '[llewyn] OFF',
  label: 'switch',
  timestamp: '2020-08-25 04:04:16'
}
{
  level: 'info',
  message: 'Socket ID : VhiCr_TuKTdUlnWvAAAD Switch Control.',
  label: 'socket',
  timestamp: '2020-08-25 04:04:18'
}
{
  level: 'info',
  message: '[llewyn] OFF',
  label: 'switch',
  timestamp: '2020-08-25 04:04:18'
}
{
  level: 'info',
  message: 'Socket ID : VhiCr_TuKTdUlnWvAAAD Switch Control.',
  label: 'socket',
  timestamp: '2020-08-25 04:04:19'
}
{
  level: 'info',
  message: '[llewyn] OFF',
  label: 'switch',
  timestamp: '2020-08-25 04:04:19'
}
{
  level: 'info',
  message: 'Socket ID : VhiCr_TuKTdUlnWvAAAD disconnected.',
  label: 'socket',
  timestamp: '2020-08-25 04:04:21'
}
{
  level: 'info',
  message: 'Socket ID : FYOk4LMrRnGlhmdEAAAE connected.',
  label: 'socket',
  timestamp: '2020-08-25 04:04:21'
}
{
  level: 'info',
  message: 'Socket ID : FYOk4LMrRnGlhmdEAAAE Switch Control.',
  label: 'socket',
  timestamp: '2020-08-25 04:04:23'
}
{
  level: 'info',
  message: '[llewyn] ON',
  label: 'switch',
  timestamp: '2020-08-25 04:04:23'
}
{
  level: 'info',
  message: 'Socket ID : FYOk4LMrRnGlhmdEAAAE Switch Control.',
  label: 'socket',
  timestamp: '2020-08-25 04:04:27'
}
{
  level: 'info',
  message: '[llewyn] ON',
  label: 'switch',
  timestamp: '2020-08-25 04:04:27'
}
{
  level: 'info',
  message: 'Socket ID : FYOk4LMrRnGlhmdEAAAE disconnected.',
  label: 'socket',
  timestamp: '2020-08-25 04:16:28'
}
{
  level: 'info',
  message: 'Socket ID : 62oAdBVgMjQg96SIAAAF connected.',
  label: 'socket',
  timestamp: '2020-08-25 04:16:31'
}
{
  level: 'info',
  message: 'Socket ID : 62oAdBVgMjQg96SIAAAF disconnected.',
  label: 'socket',
  timestamp: '2020-08-25 04:18:36'
}
{
  level: 'info',
  message: 'Socket ID : 0U8EGmPUFGTZRP1NAAAA connected.',
  label: 'socket',
  timestamp: '2020-08-25 04:19:32'
}
{
  level: 'info',
  message: 'Socket ID : 0U8EGmPUFGTZRP1NAAAA disconnected.',
  label: 'socket',
  timestamp: '2020-08-25 04:19:57'
}
{
  level: 'info',
  message: 'Socket ID : 8vdcNVRVDV31axkDAAAB connected.',
  label: 'socket',
  timestamp: '2020-08-25 04:19:57'
}
{
  level: 'info',
  message: 'Socket ID : 8vdcNVRVDV31axkDAAAB disconnected.',
  label: 'socket',
  timestamp: '2020-08-25 04:20:01'
}
{
  level: 'info',
  message: 'Socket ID : g49YfTj2wVFNWHGcAAAC connected.',
  label: 'socket',
  timestamp: '2020-08-25 04:20:01'
}
{
  level: 'info',
  message: 'Socket ID : g49YfTj2wVFNWHGcAAAC disconnected.',
  label: 'socket',
  timestamp: '2020-08-25 04:20:53'
}
{
  level: 'info',
  message: 'Socket ID : 5ODpo_aQuTZJynB5AAAD connected.',
  label: 'socket',
  timestamp: '2020-08-25 04:20:53'
}
{
  level: 'info',
  message: 'Socket ID : 5ODpo_aQuTZJynB5AAAD disconnected.',
  label: 'socket',
  timestamp: '2020-08-25 04:20:57'
}
{
  level: 'info',
  message: 'Socket ID : xo2TzuSwqVRInkIAAAAE connected.',
  label: 'socket',
  timestamp: '2020-08-25 04:20:58'
}
{
  level: 'info',
  message: 'Socket ID : xo2TzuSwqVRInkIAAAAE disconnected.',
  label: 'socket',
  timestamp: '2020-08-25 04:21:01'
}
{
  level: 'info',
  message: 'Socket ID : YYKXVTekMsGeVJFkAAAF connected.',
  label: 'socket',
  timestamp: '2020-08-25 04:21:02'
}
{
  level: 'info',
  message: 'Socket ID : YYKXVTekMsGeVJFkAAAF disconnected.',
  label: 'socket',
  timestamp: '2020-08-25 04:21:09'
}
{
  level: 'info',
  message: 'Socket ID : OTGEiymaEP3BY9-yAAAG connected.',
  label: 'socket',
  timestamp: '2020-08-25 04:21:09'
}
{
  level: 'info',
  message: 'Socket ID : OTGEiymaEP3BY9-yAAAG disconnected.',
  label: 'socket',
  timestamp: '2020-08-25 04:21:14'
}
{
  level: 'info',
  message: 'Socket ID : GiVXxQ2BSXpWvYz0AAAH connected.',
  label: 'socket',
  timestamp: '2020-08-25 04:21:14'
}
{
  level: 'info',
  message: 'Socket ID : GiVXxQ2BSXpWvYz0AAAH disconnected.',
  label: 'socket',
  timestamp: '2020-08-25 04:21:44'
}
{
  level: 'info',
  message: 'Socket ID : fP4-D1FfPmC13SdYAAAI connected.',
  label: 'socket',
  timestamp: '2020-08-25 04:21:47'
}
{
  level: 'info',
  message: 'Socket ID : fP4-D1FfPmC13SdYAAAI disconnected.',
  label: 'socket',
  timestamp: '2020-08-25 04:22:42'
}
{
  level: 'info',
  message: 'Socket ID : FzSVAB6b5rD8fE9kAAAJ connected.',
  label: 'socket',
  timestamp: '2020-08-25 04:22:44'
}
{
  level: 'info',
  message: 'Socket ID : FzSVAB6b5rD8fE9kAAAJ disconnected.',
  label: 'socket',
  timestamp: '2020-08-25 04:23:40'
}
{
  level: 'info',
  message: 'Socket ID : xbaplTwpt0r98bxwAAAK connected.',
  label: 'socket',
  timestamp: '2020-08-25 04:23:41'
}
{
  level: 'info',
  message: 'Socket ID : Cyj5h4vy9hE1wx3dAAAA connected.',
  label: 'socket',
  timestamp: '2020-08-25 04:26:34'
}
{
  level: 'info',
  message: 'Socket ID : ni11n_Sm2r_TnS2VAAAA connected.',
  label: 'socket',
  timestamp: '2020-08-25 04:27:51'
}
{
  level: 'info',
  message: 'Socket ID : TTaL9VZz5Ql1ibEJAAAA connected.',
  label: 'socket',
  timestamp: '2020-08-25 04:28:28'
}
{
  level: 'info',
  message: 'Socket ID : TTaL9VZz5Ql1ibEJAAAA disconnected.',
  label: 'socket',
  timestamp: '2020-08-25 04:28:46'
}
{
  level: 'info',
  message: 'Socket ID : Usc_No_Age4OPWQ_AAAB connected.',
  label: 'socket',
  timestamp: '2020-08-25 04:28:46'
}
{
  level: 'info',
  message: 'Socket ID : QMTRORWsPV8nH5gFAAAA connected.',
  label: 'socket',
  timestamp: '2020-08-25 04:29:02'
}
{
  level: 'info',
  message: 'Socket ID : NSQItI41dnIkZwvQAAAA connected.',
  label: 'socket',
  timestamp: '2020-08-25 04:30:00'
}
{
  level: 'info',
  message: 'Socket ID : NSQItI41dnIkZwvQAAAA disconnected.',
  label: 'socket',
  timestamp: '2020-08-25 04:30:30'
}
{
  level: 'info',
  message: 'Socket ID : MInk1rxlqf6n6wEWAAAB connected.',
  label: 'socket',
  timestamp: '2020-08-25 04:30:31'
}
{
  level: 'info',
  message: 'Socket ID : XYeYCwkGrN3a4PoqAAAA connected.',
  label: 'socket',
  timestamp: '2020-08-25 04:30:53'
}
{
  level: 'info',
  message: 'Socket ID : FROFtsY7uHDn5wsxAAAA connected.',
  label: 'socket',
  timestamp: '2020-08-25 04:31:00'
}
{
  level: 'info',
  message: 'Socket ID : FROFtsY7uHDn5wsxAAAA disconnected.',
  label: 'socket',
  timestamp: '2020-08-25 04:31:04'
}
{
  level: 'info',
  message: 'Socket ID : vjbLYaZwuj10KWwgAAAB connected.',
  label: 'socket',
  timestamp: '2020-08-25 04:31:04'
}
{
  level: 'info',
  message: 'Socket ID : kT4bKCq65qO1L_kOAAAA connected.',
  label: 'socket',
  timestamp: '2020-08-25 04:31:07'
}
{
  level: 'info',
  message: 'Socket ID : kT4bKCq65qO1L_kOAAAA disconnected.',
  label: 'socket',
  timestamp: '2020-08-25 04:32:02'
}
{
  level: 'info',
  message: 'Socket ID : iK5A7o3nbi6b0BcqAAAB connected.',
  label: 'socket',
  timestamp: '2020-08-25 04:32:04'
}
{
  level: 'info',
  message: 'Socket ID : H1nMXHG7jKM03OOeAAAA connected.',
  label: 'socket',
  timestamp: '2020-08-25 04:32:24'
}
{
  level: 'info',
  message: 'Socket ID : H1nMXHG7jKM03OOeAAAA disconnected.',
  label: 'socket',
  timestamp: '2020-08-25 04:32:28'
}
{
  level: 'info',
  message: 'Socket ID : FnV_FKOX__QAA4V3AAAB connected.',
  label: 'socket',
  timestamp: '2020-08-25 04:32:29'
}
{
  level: 'info',
  message: 'Socket ID : BElohdwzcOcYjx7GAAAA connected.',
  label: 'socket',
  timestamp: '2020-08-25 04:32:42'
}
{
  level: 'info',
  message: 'Socket ID : BElohdwzcOcYjx7GAAAA disconnected.',
  label: 'socket',
  timestamp: '2020-08-25 04:32:45'
}
{
  level: 'info',
  message: 'Socket ID : tN6-sAdS_NAsCwSkAAAB connected.',
  label: 'socket',
  timestamp: '2020-08-25 04:32:45'
}
{
  level: 'info',
  message: 'Socket ID : DM6DVwIEJp28biGzAAAA connected.',
  label: 'socket',
  timestamp: '2020-08-25 04:32:50'
}
{
  level: 'info',
  message: 'Socket ID : 7GK3Zf7zRJdLokMrAAAA connected.',
  label: 'socket',
  timestamp: '2020-08-25 04:37:06'
}
{
  level: 'info',
  message: 'Socket ID : rmOJumAByzYwyyc5AAAA connected.',
  label: 'socket',
  timestamp: '2020-08-25 04:38:35'
}
{
  level: 'info',
  message: 'Socket ID : JvBB4_u3ase6kpviAAAA connected.',
  label: 'socket',
  timestamp: '2020-08-25 04:38:59'
}
{
  level: 'info',
  message: 'Socket ID : YNfXf8lDx5bufy0rAAAA connected.',
  label: 'socket',
  timestamp: '2020-08-25 04:39:46'
}
{
  level: 'info',
  message: 'Socket ID : bVMaXNeRWoZsZodjAAAA connected.',
  label: 'socket',
  timestamp: '2020-08-25 04:39:51'
}
{
  level: 'info',
  message: 'Socket ID : nkPCHNl_VhVwqwNuAAAA connected.',
  label: 'socket',
  timestamp: '2020-08-25 04:41:45'
}
{
  level: 'info',
  message: 'Socket ID : LPHbDp1eskAzIT3_AAAA connected.',
  label: 'socket',
  timestamp: '2020-08-25 04:42:19'
}
{
  level: 'info',
  message: 'Socket ID : LPHbDp1eskAzIT3_AAAA disconnected.',
  label: 'socket',
  timestamp: '2020-08-25 04:42:35'
}
{
  level: 'info',
  message: 'Socket ID : drRVcH0dEWeAF4dkAAAB connected.',
  label: 'socket',
  timestamp: '2020-08-25 04:42:35'
}
{
  level: 'info',
  message: 'Socket ID : qaa4vPE18wcHWzrwAAAA connected.',
  label: 'socket',
  timestamp: '2020-08-25 04:43:11'
}
{
  level: 'info',
  message: 'Socket ID : leaIzkpyiYpGG2RoAAAA connected.',
  label: 'socket',
  timestamp: '2020-08-25 04:43:47'
}
{
  level: 'info',
  message: 'Socket ID : leaIzkpyiYpGG2RoAAAA disconnected.',
  label: 'socket',
  timestamp: '2020-08-25 04:43:49'
}
{
  level: 'info',
  message: 'Socket ID : Kn2xlQaGFfPzLA7dAAAB connected.',
  label: 'socket',
  timestamp: '2020-08-25 04:43:49'
}
{
  level: 'info',
  message: 'Socket ID : 64a9jsbKGwCC6GM3AAAA connected.',
  label: 'socket',
  timestamp: '2020-08-25 04:43:52'
}
{
  level: 'info',
  message: 'Socket ID : WfhPgulqwljhg_ADAAAA connected.',
  label: 'socket',
  timestamp: '2020-08-25 04:45:36'
}
{
  level: 'info',
  message: 'Socket ID : WfhPgulqwljhg_ADAAAA disconnected.',
  label: 'socket',
  timestamp: '2020-08-25 04:45:37'
}
{
  level: 'info',
  message: 'Socket ID : SGYp0xdkNHJiTo2zAAAB connected.',
  label: 'socket',
  timestamp: '2020-08-25 04:45:37'
}
{
  level: 'info',
  message: 'Socket ID : b1_Pvot01CfaV1NDAAAA connected.',
  label: 'socket',
  timestamp: '2020-08-25 04:45:42'
}
{
  level: 'info',
  message: 'Socket ID : XkYe-aQU3WkekN2eAAAA connected.',
  label: 'socket',
  timestamp: '2020-08-25 04:47:14'
}
{
  level: 'info',
  message: 'Socket ID : nEkf0A89vLywcUvnAAAA connected.',
  label: 'socket',
  timestamp: '2020-08-25 04:47:19'
}
{
  level: 'info',
  message: 'Socket ID : cq9pkU3cnuTRFpmAAAAA connected.',
  label: 'socket',
  timestamp: '2020-08-25 04:47:20'
}
{
  level: 'info',
  message: 'Socket ID : _Y_qE06kwkOznVogAAAA connected.',
  label: 'socket',
  timestamp: '2020-08-25 04:47:24'
}
{
  level: 'info',
  message: 'Socket ID : jGuCTN8s-DIxWHpPAAAA connected.',
  label: 'socket',
  timestamp: '2020-08-25 04:47:29'
}
{
  level: 'info',
  message: 'Socket ID : KLOLPO5Wr-occfW6AAAA connected.',
  label: 'socket',
  timestamp: '2020-08-25 04:47:48'
}
{
  level: 'info',
  message: 'Socket ID : eXY6QYVOcQn7w7HaAAAA connected.',
  label: 'socket',
  timestamp: '2020-08-25 04:47:51'
}
{
  level: 'info',
  message: 'Socket ID : 624buf53Ql-49kPXAAAA connected.',
  label: 'socket',
  timestamp: '2020-08-25 04:47:59'
}
{
  level: 'info',
  message: 'Socket ID : fapUGQaEwCY5OOoPAAAA connected.',
  label: 'socket',
  timestamp: '2020-08-25 04:48:37'
}
{
  level: 'info',
  message: 'Socket ID : RN_eSfUaAKB2-MYSAAAA connected.',
  label: 'socket',
  timestamp: '2020-08-25 16:27:10'
}
{
  level: 'info',
  message: 'Socket ID : ynSBq_tUrSShn6_aAAAA connected.',
  label: 'socket',
  timestamp: '2020-08-25 16:27:22'
}
{
  level: 'info',
  message: 'Socket ID : wumwee1MQ_xWWzZaAAAA connected.',
  label: 'socket',
  timestamp: '2020-08-25 16:27:28'
}
{
  level: 'info',
  message: 'Socket ID : UiH9d60MX04nbmB8AAAA connected.',
  label: 'socket',
  timestamp: '2020-08-25 16:27:55'
}
{
  level: 'info',
  message: 'Socket ID : UiH9d60MX04nbmB8AAAA Switch Control.',
  label: 'socket',
  timestamp: '2020-08-25 16:28:01'
}
{
  level: 'info',
  message: '[llewyn] ON',
  label: 'switch',
  timestamp: '2020-08-25 16:28:01'
}
{
  level: 'info',
  message: 'Socket ID : UiH9d60MX04nbmB8AAAA Switch Control.',
  label: 'socket',
  timestamp: '2020-08-25 16:28:03'
}
{
  level: 'info',
  message: '[llewyn] OFF',
  label: 'switch',
  timestamp: '2020-08-25 16:28:03'
}
{
  level: 'info',
  message: 'Socket ID : UiH9d60MX04nbmB8AAAA Switch Control.',
  label: 'socket',
  timestamp: '2020-08-25 16:28:04'
}
{
  level: 'info',
  message: '[llewyn] ON',
  label: 'switch',
  timestamp: '2020-08-25 16:28:04'
}
{
  level: 'info',
  message: 'Socket ID : DPJ_LTZd9IfB7Al7AAAA connected.',
  label: 'socket',
  timestamp: '2020-08-25 16:38:08'
}
{
  level: 'info',
  message: 'Socket ID : DPJ_LTZd9IfB7Al7AAAA disconnected.',
  label: 'socket',
  timestamp: '2020-08-25 16:40:50'
}
{
  level: 'info',
  message: 'Socket ID : S-LHxKCSjx1pJdvEAAAB connected.',
  label: 'socket',
  timestamp: '2020-08-25 16:40:52'
}
{
  level: 'info',
  message: 'Socket ID : S-LHxKCSjx1pJdvEAAAB disconnected.',
  label: 'socket',
  timestamp: '2020-08-25 16:47:26'
}
{
  level: 'info',
  message: 'Socket ID : 5tsuyGzjLEmOH0cVAAAC connected.',
  label: 'socket',
  timestamp: '2020-08-25 16:47:28'
}
{
  level: 'info',
  message: 'Socket ID : 5tsuyGzjLEmOH0cVAAAC disconnected.',
  label: 'socket',
  timestamp: '2020-08-25 16:49:52'
}
