yarn run v1.22.4
$ concurrently --kill-others-on-fail "nodemon server/server.js" "yarn client"
[0] [33m[nodemon] 2.0.4[39m
[0] [33m[nodemon] to restart at any time, enter `rs`[39m
[0] [33m[nodemon] watching path(s): *.*[39m
[0] [33m[nodemon] watching extensions: js,mjs,json[39m
[0] [32m[nodemon] starting `node server/server.js`[39m
[1] $ cd client && npm start
[0] 9000ë²ˆ portì— http serverë¥¼ ë„ì› ìŠµë‹ˆë‹¤.
[1] 
[1] > smartfarm@1.0.0 start /home/server/hydroponics/client
[1] > react-scripts start
[1] 
[1] [HPM] Proxy created: /api  -> http://localhost:9000/
[1] [HPM] Proxy created: /stream  -> http://localhost:8081/
[1] [34mâ„¹[39m [90mï½¢wdsï½£[39m: Project is running at http://192.168.0.3/
[1] [34mâ„¹[39m [90mï½¢wdsï½£[39m: webpack output is served from 
[1] [34mâ„¹[39m [90mï½¢wdsï½£[39m: Content not from webpack is served from /home/server/hydroponics/client/public
[1] [34mâ„¹[39m [90mï½¢wdsï½£[39m: 404s will fallback to /
[1] Setting NODE_PATH to resolve modules absolutely has been deprecated in favor of setting baseUrl in jsconfig.json (or tsconfig.json if you are using TypeScript) and will be removed in a future major release of create-react-app.
[1] 
[1] Starting the development server...
[1] 
[0] Made socket connection
[0] OkPacket {
[0]   fieldCount: 0,
[0]   affectedRows: 1,
[0]   insertId: 13542,
[0]   serverStatus: 2,
[0]   warningCount: 0,
[0]   message: '',
[0]   protocol41: true,
[0]   changedRows: 0
[0] }
[0] OkPacket {
[0]   fieldCount: 0,
[0]   affectedRows: 1,
[0]   insertId: 13862,
[0]   serverStatus: 2,
[0]   warningCount: 0,
[0]   message: '',
[0]   protocol41: true,
[0]   changedRows: 0
[0] }
[0] OkPacket {
[0]   fieldCount: 0,
[0]   affectedRows: 1,
[0]   insertId: 13458,
[0]   serverStatus: 2,
[0]   warningCount: 0,
[0]   message: '',
[0]   protocol41: true,
[0]   changedRows: 0
[0] }
[1] Compiled with warnings.
[1] 
[1] ./src/views/Settings/Settings.js
[1]   Line 1:37:   'useCallback' is defined but never used           no-unused-vars
[1]   Line 31:10:  'settings' is assigned a value but never used     no-unused-vars
[1]   Line 31:20:  'setSettings' is assigned a value but never used  no-unused-vars
[1] 
[1] ./src/views/Login/Login.js
[1]   Line 24:8:  React Hook useEffect has missing dependencies: 'history' and 'login.token'. Either include them or remove the dependency array  react-hooks/exhaustive-deps
[1] 
[1] ./src/assets/jss/HistoryStyle.js
[1]   Line 3:7:  'drawerWidth' is assigned a value but never used  no-unused-vars
[1] 
[1] ./src/components/StatusDisplay/index.js
[1]   Line 53:6:  React Hook useEffect has missing dependencies: 'fetchStatus' and 'statusUpdateTime'. Either include them or remove the dependency array  react-hooks/exhaustive-deps
[1] 
[1] ./src/App.js
[1]   Line 54:1:  Block is redundant  no-lone-blocks
[1] 
[1] ./src/components/CCTV/index.js
[1]   Line 5:3:  img elements must have an alt prop, either with meaningful text, or an empty string for decorative images  jsx-a11y/alt-text
[1] 
[1] ./src/components/SwitchController/CurrentChecker.js
[1]   Line 87:5:  React Hook useEffect has missing dependencies: 'currentUpdateTime' and 'fetchCurrent'. Either include them or remove the dependency array  react-hooks/exhaustive-deps
[1]   Line 94:5:  React Hook useEffect has a missing dependency: 'handleChecklist'. Either include it or remove the dependency array                         react-hooks/exhaustive-deps
[1] 
[1] ./src/components/SettingSlider/index.js
[1]   Line 89:6:  React Hook useEffect has missing dependencies: 'dispatch', 'setting', and 'settingKey'. Either include them or remove the dependency array  react-hooks/exhaustive-deps
[1]   Line 94:8:  React Hook useEffect has a missing dependency: 'fetchSettings'. Either include it or remove the dependency array                            react-hooks/exhaustive-deps
[1] 
[1] ./src/redux/modules/ControlSetting.js
[1]   Line 8:7:   'co2Min' is assigned a value but never used   no-unused-vars
[1]   Line 9:7:   'tempMin' is assigned a value but never used  no-unused-vars
[1]   Line 10:7:  'humMin' is assigned a value but never used   no-unused-vars
[1]   Line 11:7:  'ledMin' is assigned a value but never used   no-unused-vars
[1] 
[1] Search for the keywords to learn more about each warning.
[1] To ignore, add // eslint-disable-next-line to the line before.
[1] 
[0] OkPacket {
[0]   fieldCount: 0,
[0]   affectedRows: 1,
[0]   insertId: 13543,
[0]   serverStatus: 2,
[0]   warningCount: 0,
[0]   message: '',
[0]   protocol41: true,
[0]   changedRows: 0
[0] }
[0] OkPacket {
[0]   fieldCount: 0,
[0]   affectedRows: 1,
[0]   insertId: 13863,
[0]   serverStatus: 2,
[0]   warningCount: 0,
[0]   message: '',
[0]   protocol41: true,
[0]   changedRows: 0
[0] }
[0] OkPacket {
[0]   fieldCount: 0,
[0]   affectedRows: 1,
[0]   insertId: 13459,
[0]   serverStatus: 2,
[0]   warningCount: 0,
[0]   message: '',
[0]   protocol41: true,
[0]   changedRows: 0
[0] }
[0] OkPacket {
[0]   fieldCount: 0,
[0]   affectedRows: 1,
[0]   insertId: 13544,
[0]   serverStatus: 2,
[0]   warningCount: 0,
[0]   message: '',
[0]   protocol41: true,
[0]   changedRows: 0
[0] }
[0] OkPacket {
[0]   fieldCount: 0,
[0]   affectedRows: 1,
[0]   insertId: 13864,
[0]   serverStatus: 2,
[0]   warningCount: 0,
[0]   message: '',
[0]   protocol41: true,
[0]   changedRows: 0
[0] }
[0] OkPacket {
[0]   fieldCount: 0,
[0]   affectedRows: 1,
[0]   insertId: 13460,
[0]   serverStatus: 2,
[0]   warningCount: 0,
[0]   message: '',
[0]   protocol41: true,
[0]   changedRows: 0
[0] }
[0] OkPacket {
[0]   fieldCount: 0,
[0]   affectedRows: 1,
[0]   insertId: 13545,
[0]   serverStatus: 2,
[0]   warningCount: 0,
[0]   message: '',
[0]   protocol41: true,
[0]   changedRows: 0
[0] }
[0] OkPacket {
[0]   fieldCount: 0,
[0]   affectedRows: 1,
[0]   insertId: 13865,
[0]   serverStatus: 2,
[0]   warningCount: 0,
[0]   message: '',
[0]   protocol41: true,
[0]   changedRows: 0
[0] }
[0] OkPacket {
[0]   fieldCount: 0,
[0]   affectedRows: 1,
[0]   insertId: 13461,
[0]   serverStatus: 2,
[0]   warningCount: 0,
[0]   message: '',
[0]   protocol41: true,
[0]   changedRows: 0
[0] }
[0] LED power has been changed through mqtt.
[0] OkPacket {
[0]   fieldCount: 0,
[0]   affectedRows: 1,
[0]   insertId: 13546,
[0]   serverStatus: 2,
[0]   warningCount: 0,
[0]   message: '',
[0]   protocol41: true,
[0]   changedRows: 0
[0] }
[0] OkPacket {
[0]   fieldCount: 0,
[0]   affectedRows: 1,
[0]   insertId: 13866,
[0]   serverStatus: 2,
[0]   warningCount: 0,
[0]   message: '',
[0]   protocol41: true,
[0]   changedRows: 0
[0] }
[0] OkPacket {
[0]   fieldCount: 0,
[0]   affectedRows: 1,
[0]   insertId: 13462,
[0]   serverStatus: 2,
[0]   warningCount: 0,
[0]   message: '',
[0]   protocol41: true,
[0]   changedRows: 0
[0] }
[0] LED power has been changed through mqtt.
[0] OkPacket {
[0]   fieldCount: 0,
[0]   affectedRows: 1,
[0]   insertId: 13547,
[0]   serverStatus: 2,
[0]   warningCount: 0,
[0]   message: '',
[0]   protocol41: true,
[0]   changedRows: 0
[0] }
[0] OkPacket {
[0]   fieldCount: 0,
[0]   affectedRows: 1,
[0]   insertId: 13867,
[0]   serverStatus: 2,
[0]   warningCount: 0,
[0]   message: '',
[0]   protocol41: true,
[0]   changedRows: 0
[0] }
[0] OkPacket {
[0]   fieldCount: 0,
[0]   affectedRows: 1,
[0]   insertId: 13463,
[0]   serverStatus: 2,
[0]   warningCount: 0,
[0]   message: '',
[0]   protocol41: true,
[0]   changedRows: 0
[0] }
[0] OkPacket {
[0]   fieldCount: 0,
[0]   affectedRows: 1,
[0]   insertId: 13548,
[0]   serverStatus: 2,
[0]   warningCount: 0,
[0]   message: '',
[0]   protocol41: true,
[0]   changedRows: 0
[0] }
[0] OkPacket {
[0]   fieldCount: 0,
[0]   affectedRows: 1,
[0]   insertId: 13868,
[0]   serverStatus: 2,
[0]   warningCount: 0,
[0]   message: '',
[0]   protocol41: true,
[0]   changedRows: 0
[0] }
[0] OkPacket {
[0]   fieldCount: 0,
[0]   affectedRows: 1,
[0]   insertId: 13464,
[0]   serverStatus: 2,
[0]   warningCount: 0,
[0]   message: '',
[0]   protocol41: true,
[0]   changedRows: 0
[0] }
[0] OkPacket {
[0]   fieldCount: 0,
[0]   affectedRows: 1,
[0]   insertId: 13549,
[0]   serverStatus: 2,
[0]   warningCount: 0,
[0]   message: '',
[0]   protocol41: true,
[0]   changedRows: 0
[0] }
[0] OkPacket {
[0]   fieldCount: 0,
[0]   affectedRows: 1,
[0]   insertId: 13869,
[0]   serverStatus: 2,
[0]   warningCount: 0,
[0]   message: '',
[0]   protocol41: true,
[0]   changedRows: 0
[0] }
[0] OkPacket {
[0]   fieldCount: 0,
[0]   affectedRows: 1,
[0]   insertId: 13465,
[0]   serverStatus: 2,
[0]   warningCount: 0,
[0]   message: '',
[0]   protocol41: true,
[0]   changedRows: 0
[0] }
[0] OkPacket {
[0]   fieldCount: 0,
[0]   affectedRows: 1,
[0]   insertId: 13550,
[0]   serverStatus: 2,
[0]   warningCount: 0,
[0]   message: '',
[0]   protocol41: true,
[0]   changedRows: 0
[0] }
[0] OkPacket {
[0]   fieldCount: 0,
[0]   affectedRows: 1,
[0]   insertId: 13870,
[0]   serverStatus: 2,
[0]   warningCount: 0,
[0]   message: '',
[0]   protocol41: true,
[0]   changedRows: 0
[0] }
[0] OkPacket {
[0]   fieldCount: 0,
[0]   affectedRows: 1,
[0]   insertId: 13466,
[0]   serverStatus: 2,
[0]   warningCount: 0,
[0]   message: '',
[0]   protocol41: true,
[0]   changedRows: 0
[0] }
[0] OkPacket {
[0]   fieldCount: 0,
[0]   affectedRows: 1,
[0]   insertId: 13551,
[0]   serverStatus: 2,
[0]   warningCount: 0,
[0]   message: '',
[0]   protocol41: true,
[0]   changedRows: 0
[0] }
[0] OkPacket {
[0]   fieldCount: 0,
[0]   affectedRows: 1,
[0]   insertId: 13871,
[0]   serverStatus: 2,
[0]   warningCount: 0,
[0]   message: '',
[0]   protocol41: true,
[0]   changedRows: 0
[0] }
[0] OkPacket {
[0]   fieldCount: 0,
[0]   affectedRows: 1,
[0]   insertId: 13467,
[0]   serverStatus: 2,
[0]   warningCount: 0,
[0]   message: '',
[0]   protocol41: true,
[0]   changedRows: 0
[0] }
[0] OkPacket {
[0]   fieldCount: 0,
[0]   affectedRows: 1,
[0]   insertId: 13552,
[0]   serverStatus: 2,
[0]   warningCount: 0,
[0]   message: '',
[0]   protocol41: true,
[0]   changedRows: 0
[0] }
[0] OkPacket {
[0]   fieldCount: 0,
[0]   affectedRows: 1,
[0]   insertId: 13872,
[0]   serverStatus: 2,
[0]   warningCount: 0,
[0]   message: '',
[0]   protocol41: true,
[0]   changedRows: 0
[0] }
[0] OkPacket {
[0]   fieldCount: 0,
[0]   affectedRows: 1,
[0]   insertId: 13468,
[0]   serverStatus: 2,
[0]   warningCount: 0,
[0]   message: '',
[0]   protocol41: true,
[0]   changedRows: 0
[0] }
[0] OkPacket {
[0]   fieldCount: 0,
[0]   affectedRows: 1,
[0]   insertId: 13553,
[0]   serverStatus: 2,
[0]   warningCount: 0,
[0]   message: '',
[0]   protocol41: true,
[0]   changedRows: 0
[0] }
[0] OkPacket {
[0]   fieldCount: 0,
[0]   affectedRows: 1,
[0]   insertId: 13873,
[0]   serverStatus: 2,
[0]   warningCount: 0,
[0]   message: '',
[0]   protocol41: true,
[0]   changedRows: 0
[0] }
[0] OkPacket {
[0]   fieldCount: 0,
[0]   affectedRows: 1,
[0]   insertId: 13469,
[0]   serverStatus: 2,
[0]   warningCount: 0,
[0]   message: '',
[0]   protocol41: true,
[0]   changedRows: 0
[0] }
[0] OkPacket {
[0]   fieldCount: 0,
[0]   affectedRows: 1,
[0]   insertId: 13554,
[0]   serverStatus: 2,
[0]   warningCount: 0,
[0]   message: '',
[0]   protocol41: true,
[0]   changedRows: 0
[0] }
[0] OkPacket {
[0]   fieldCount: 0,
[0]   affectedRows: 1,
[0]   insertId: 13874,
[0]   serverStatus: 2,
[0]   warningCount: 0,
[0]   message: '',
[0]   protocol41: true,
[0]   changedRows: 0
[0] }
[0] OkPacket {
[0]   fieldCount: 0,
[0]   affectedRows: 1,
[0]   insertId: 13470,
[0]   serverStatus: 2,
[0]   warningCount: 0,
[0]   message: '',
[0]   protocol41: true,
[0]   changedRows: 0
[0] }
[0] OkPacket {
[0]   fieldCount: 0,
[0]   affectedRows: 1,
[0]   insertId: 13555,
[0]   serverStatus: 2,
[0]   warningCount: 0,
[0]   message: '',
[0]   protocol41: true,
[0]   changedRows: 0
[0] }
[0] OkPacket {
[0]   fieldCount: 0,
[0]   affectedRows: 1,
[0]   insertId: 13875,
[0]   serverStatus: 2,
[0]   warningCount: 0,
[0]   message: '',
[0]   protocol41: true,
[0]   changedRows: 0
[0] }
[0] OkPacket {
[0]   fieldCount: 0,
[0]   affectedRows: 1,
[0]   insertId: 13471,
[0]   serverStatus: 2,
[0]   warningCount: 0,
[0]   message: '',
[0]   protocol41: true,
[0]   changedRows: 0
[0] }
[0] OkPacket {
[0]   fieldCount: 0,
[0]   affectedRows: 1,
[0]   insertId: 13556,
[0]   serverStatus: 2,
[0]   warningCount: 0,
[0]   message: '',
[0]   protocol41: true,
[0]   changedRows: 0
[0] }
[0] OkPacket {
[0]   fieldCount: 0,
[0]   affectedRows: 1,
[0]   insertId: 13876,
[0]   serverStatus: 2,
[0]   warningCount: 0,
[0]   message: '',
[0]   protocol41: true,
[0]   changedRows: 0
[0] }
[0] OkPacket {
[0]   fieldCount: 0,
[0]   affectedRows: 1,
[0]   insertId: 13472,
[0]   serverStatus: 2,
[0]   warningCount: 0,
[0]   message: '',
[0]   protocol41: true,
[0]   changedRows: 0
[0] }
[0] OkPacket {
[0]   fieldCount: 0,
[0]   affectedRows: 1,
[0]   insertId: 13557,
[0]   serverStatus: 2,
[0]   warningCount: 0,
[0]   message: '',
[0]   protocol41: true,
[0]   changedRows: 0
[0] }
[0] OkPacket {
[0]   fieldCount: 0,
[0]   affectedRows: 1,
[0]   insertId: 13877,
[0]   serverStatus: 2,
[0]   warningCount: 0,
[0]   message: '',
[0]   protocol41: true,
[0]   changedRows: 0
[0] }
[0] OkPacket {
[0]   fieldCount: 0,
[0]   affectedRows: 1,
[0]   insertId: 13473,
[0]   serverStatus: 2,
[0]   warningCount: 0,
[0]   message: '',
[0]   protocol41: true,
[0]   changedRows: 0
[0] }
[0] OkPacket {
[0]   fieldCount: 0,
[0]   affectedRows: 1,
[0]   insertId: 13558,
[0]   serverStatus: 2,
[0]   warningCount: 0,
[0]   message: '',
[0]   protocol41: true,
[0]   changedRows: 0
[0] }
[0] OkPacket {
[0]   fieldCount: 0,
[0]   affectedRows: 1,
[0]   insertId: 13878,
[0]   serverStatus: 2,
[0]   warningCount: 0,
[0]   message: '',
[0]   protocol41: true,
[0]   changedRows: 0
[0] }
[0] OkPacket {
[0]   fieldCount: 0,
[0]   affectedRows: 1,
[0]   insertId: 13474,
[0]   serverStatus: 2,
[0]   warningCount: 0,
[0]   message: '',
[0]   protocol41: true,
[0]   changedRows: 0
[0] }
[0] OkPacket {
[0]   fieldCount: 0,
[0]   affectedRows: 1,
[0]   insertId: 13559,
[0]   serverStatus: 2,
[0]   warningCount: 0,
[0]   message: '',
[0]   protocol41: true,
[0]   changedRows: 0
[0] }
[0] OkPacket {
[0]   fieldCount: 0,
[0]   affectedRows: 1,
[0]   insertId: 13879,
[0]   serverStatus: 2,
[0]   warningCount: 0,
[0]   message: '',
[0]   protocol41: true,
[0]   changedRows: 0
[0] }
[0] OkPacket {
[0]   fieldCount: 0,
[0]   affectedRows: 1,
[0]   insertId: 13475,
[0]   serverStatus: 2,
[0]   warningCount: 0,
[0]   message: '',
[0]   protocol41: true,
[0]   changedRows: 0
[0] }
[0] OkPacket {
[0]   fieldCount: 0,
[0]   affectedRows: 1,
[0]   insertId: 13560,
[0]   serverStatus: 2,
[0]   warningCount: 0,
[0]   message: '',
[0]   protocol41: true,
[0]   changedRows: 0
[0] }
[0] OkPacket {
[0]   fieldCount: 0,
[0]   affectedRows: 1,
[0]   insertId: 13880,
[0]   serverStatus: 2,
[0]   warningCount: 0,
[0]   message: '',
[0]   protocol41: true,
[0]   changedRows: 0
[0] }
[0] OkPacket {
[0]   fieldCount: 0,
[0]   affectedRows: 1,
[0]   insertId: 13476,
[0]   serverStatus: 2,
[0]   warningCount: 0,
[0]   message: '',
[0]   protocol41: true,
[0]   changedRows: 0
[0] }
[0] OkPacket {
[0]   fieldCount: 0,
[0]   affectedRows: 1,
[0]   insertId: 13561,
[0]   serverStatus: 2,
[0]   warningCount: 0,
[0]   message: '',
[0]   protocol41: true,
[0]   changedRows: 0
[0] }
[0] OkPacket {
[0]   fieldCount: 0,
[0]   affectedRows: 1,
[0]   insertId: 13881,
[0]   serverStatus: 2,
[0]   warningCount: 0,
[0]   message: '',
[0]   protocol41: true,
[0]   changedRows: 0
[0] }
[0] OkPacket {
[0]   fieldCount: 0,
[0]   affectedRows: 1,
[0]   insertId: 13477,
[0]   serverStatus: 2,
[0]   warningCount: 0,
[0]   message: '',
[0]   protocol41: true,
[0]   changedRows: 0
[0] }
[0] OkPacket {
[0]   fieldCount: 0,
[0]   affectedRows: 1,
[0]   insertId: 13562,
[0]   serverStatus: 2,
[0]   warningCount: 0,
[0]   message: '',
[0]   protocol41: true,
[0]   changedRows: 0
[0] }
[0] OkPacket {
[0]   fieldCount: 0,
[0]   affectedRows: 1,
[0]   insertId: 13882,
[0]   serverStatus: 2,
[0]   warningCount: 0,
[0]   message: '',
[0]   protocol41: true,
[0]   changedRows: 0
[0] }
[0] OkPacket {
[0]   fieldCount: 0,
[0]   affectedRows: 1,
[0]   insertId: 13478,
[0]   serverStatus: 2,
[0]   warningCount: 0,
[0]   message: '',
[0]   protocol41: true,
[0]   changedRows: 0
[0] }
[0] OkPacket {
[0]   fieldCount: 0,
[0]   affectedRows: 1,
[0]   insertId: 13563,
[0]   serverStatus: 2,
[0]   warningCount: 0,
[0]   message: '',
[0]   protocol41: true,
[0]   changedRows: 0
[0] }
[0] OkPacket {
[0]   fieldCount: 0,
[0]   affectedRows: 1,
[0]   insertId: 13883,
[0]   serverStatus: 2,
[0]   warningCount: 0,
[0]   message: '',
[0]   protocol41: true,
[0]   changedRows: 0
[0] }
[0] OkPacket {
[0]   fieldCount: 0,
[0]   affectedRows: 1,
[0]   insertId: 13479,
[0]   serverStatus: 2,
[0]   warningCount: 0,
[0]   message: '',
[0]   protocol41: true,
[0]   changedRows: 0
[0] }
[0] OkPacket {
[0]   fieldCount: 0,
[0]   affectedRows: 1,
[0]   insertId: 13564,
[0]   serverStatus: 2,
[0]   warningCount: 0,
[0]   message: '',
[0]   protocol41: true,
[0]   changedRows: 0
[0] }
[0] OkPacket {
[0]   fieldCount: 0,
[0]   affectedRows: 1,
[0]   insertId: 13884,
[0]   serverStatus: 2,
[0]   warningCount: 0,
[0]   message: '',
[0]   protocol41: true,
[0]   changedRows: 0
[0] }
[0] OkPacket {
[0]   fieldCount: 0,
[0]   affectedRows: 1,
[0]   insertId: 13480,
[0]   serverStatus: 2,
[0]   warningCount: 0,
[0]   message: '',
[0]   protocol41: true,
[0]   changedRows: 0
[0] }
[0] OkPacket {
[0]   fieldCount: 0,
[0]   affectedRows: 1,
[0]   insertId: 13565,
[0]   serverStatus: 2,
[0]   warningCount: 0,
[0]   message: '',
[0]   protocol41: true,
[0]   changedRows: 0
[0] }
[0] OkPacket {
[0]   fieldCount: 0,
[0]   affectedRows: 1,
[0]   insertId: 13885,
[0]   serverStatus: 2,
[0]   warningCount: 0,
[0]   message: '',
[0]   protocol41: true,
[0]   changedRows: 0
[0] }
[0] OkPacket {
[0]   fieldCount: 0,
[0]   affectedRows: 1,
[0]   insertId: 13481,
[0]   serverStatus: 2,
[0]   warningCount: 0,
[0]   message: '',
[0]   protocol41: true,
[0]   changedRows: 0
[0] }
[0] OkPacket {
[0]   fieldCount: 0,
[0]   affectedRows: 1,
[0]   insertId: 13566,
[0]   serverStatus: 2,
[0]   warningCount: 0,
[0]   message: '',
[0]   protocol41: true,
[0]   changedRows: 0
[0] }
[0] OkPacket {
[0]   fieldCount: 0,
[0]   affectedRows: 1,
[0]   insertId: 13886,
[0]   serverStatus: 2,
[0]   warningCount: 0,
[0]   message: '',
[0]   protocol41: true,
[0]   changedRows: 0
[0] }
[0] OkPacket {
[0]   fieldCount: 0,
[0]   affectedRows: 1,
[0]   insertId: 13482,
[0]   serverStatus: 2,
[0]   warningCount: 0,
[0]   message: '',
[0]   protocol41: true,
[0]   changedRows: 0
[0] }
[0] OkPacket {
[0]   fieldCount: 0,
[0]   affectedRows: 1,
[0]   insertId: 13567,
[0]   serverStatus: 2,
[0]   warningCount: 0,
[0]   message: '',
[0]   protocol41: true,
[0]   changedRows: 0
[0] }
[0] OkPacket {
[0]   fieldCount: 0,
[0]   affectedRows: 1,
[0]   insertId: 13887,
[0]   serverStatus: 2,
[0]   warningCount: 0,
[0]   message: '',
[0]   protocol41: true,
[0]   changedRows: 0
[0] }
[0] OkPacket {
[0]   fieldCount: 0,
[0]   affectedRows: 1,
[0]   insertId: 13483,
[0]   serverStatus: 2,
[0]   warningCount: 0,
[0]   message: '',
[0]   protocol41: true,
[0]   changedRows: 0
[0] }
[0] OkPacket {
[0]   fieldCount: 0,
[0]   affectedRows: 1,
[0]   insertId: 13568,
[0]   serverStatus: 2,
[0]   warningCount: 0,
[0]   message: '',
[0]   protocol41: true,
[0]   changedRows: 0
[0] }
[0] OkPacket {
[0]   fieldCount: 0,
[0]   affectedRows: 1,
[0]   insertId: 13888,
[0]   serverStatus: 2,
[0]   warningCount: 0,
[0]   message: '',
[0]   protocol41: true,
[0]   changedRows: 0
[0] }
[0] OkPacket {
[0]   fieldCount: 0,
[0]   affectedRows: 1,
[0]   insertId: 13484,
[0]   serverStatus: 2,
[0]   warningCount: 0,
[0]   message: '',
[0]   protocol41: true,
[0]   changedRows: 0
[0] }
[0] OkPacket {
[0]   fieldCount: 0,
[0]   affectedRows: 1,
[0]   insertId: 13569,
[0]   serverStatus: 2,
[0]   warningCount: 0,
[0]   message: '',
[0]   protocol41: true,
[0]   changedRows: 0
[0] }
[0] OkPacket {
[0]   fieldCount: 0,
[0]   affectedRows: 1,
[0]   insertId: 13889,
[0]   serverStatus: 2,
[0]   warningCount: 0,
[0]   message: '',
[0]   protocol41: true,
[0]   changedRows: 0
[0] }
[0] OkPacket {
[0]   fieldCount: 0,
[0]   affectedRows: 1,
[0]   insertId: 13485,
[0]   serverStatus: 2,
[0]   warningCount: 0,
[0]   message: '',
[0]   protocol41: true,
[0]   changedRows: 0
[0] }
[0] OkPacket {
[0]   fieldCount: 0,
[0]   affectedRows: 1,
[0]   insertId: 13570,
[0]   serverStatus: 2,
[0]   warningCount: 0,
[0]   message: '',
[0]   protocol41: true,
[0]   changedRows: 0
[0] }
[0] OkPacket {
[0]   fieldCount: 0,
[0]   affectedRows: 1,
[0]   insertId: 13890,
[0]   serverStatus: 2,
[0]   warningCount: 0,
[0]   message: '',
[0]   protocol41: true,
[0]   changedRows: 0
[0] }
[0] OkPacket {
[0]   fieldCount: 0,
[0]   affectedRows: 1,
[0]   insertId: 13486,
[0]   serverStatus: 2,
[0]   warningCount: 0,
[0]   message: '',
[0]   protocol41: true,
[0]   changedRows: 0
[0] }
[0] OkPacket {
[0]   fieldCount: 0,
[0]   affectedRows: 1,
[0]   insertId: 13571,
[0]   serverStatus: 2,
[0]   warningCount: 0,
[0]   message: '',
[0]   protocol41: true,
[0]   changedRows: 0
[0] }
[0] OkPacket {
[0]   fieldCount: 0,
[0]   affectedRows: 1,
[0]   insertId: 13891,
[0]   serverStatus: 2,
[0]   warningCount: 0,
[0]   message: '',
[0]   protocol41: true,
[0]   changedRows: 0
[0] }
[0] OkPacket {
[0]   fieldCount: 0,
[0]   affectedRows: 1,
[0]   insertId: 13487,
[0]   serverStatus: 2,
[0]   warningCount: 0,
[0]   message: '',
[0]   protocol41: true,
[0]   changedRows: 0
[0] }
[0] OkPacket {
[0]   fieldCount: 0,
[0]   affectedRows: 1,
[0]   insertId: 13572,
[0]   serverStatus: 2,
[0]   warningCount: 0,
[0]   message: '',
[0]   protocol41: true,
[0]   changedRows: 0
[0] }
[0] OkPacket {
[0]   fieldCount: 0,
[0]   affectedRows: 1,
[0]   insertId: 13892,
[0]   serverStatus: 2,
[0]   warningCount: 0,
[0]   message: '',
[0]   protocol41: true,
[0]   changedRows: 0
[0] }
[0] OkPacket {
[0]   fieldCount: 0,
[0]   affectedRows: 1,
[0]   insertId: 13488,
[0]   serverStatus: 2,
[0]   warningCount: 0,
[0]   message: '',
[0]   protocol41: true,
[0]   changedRows: 0
[0] }
[0] OkPacket {
[0]   fieldCount: 0,
[0]   affectedRows: 1,
[0]   insertId: 13573,
[0]   serverStatus: 2,
[0]   warningCount: 0,
[0]   message: '',
[0]   protocol41: true,
[0]   changedRows: 0
[0] }
[0] OkPacket {
[0]   fieldCount: 0,
[0]   affectedRows: 1,
[0]   insertId: 13893,
[0]   serverStatus: 2,
[0]   warningCount: 0,
[0]   message: '',
[0]   protocol41: true,
[0]   changedRows: 0
[0] }
[0] OkPacket {
[0]   fieldCount: 0,
[0]   affectedRows: 1,
[0]   insertId: 13489,
[0]   serverStatus: 2,
[0]   warningCount: 0,
[0]   message: '',
[0]   protocol41: true,
[0]   changedRows: 0
[0] }
[0] OkPacket {
[0]   fieldCount: 0,
[0]   affectedRows: 1,
[0]   insertId: 13574,
[0]   serverStatus: 2,
[0]   warningCount: 0,
[0]   message: '',
[0]   protocol41: true,
[0]   changedRows: 0
[0] }
[0] OkPacket {
[0]   fieldCount: 0,
[0]   affectedRows: 1,
[0]   insertId: 13894,
[0]   serverStatus: 2,
[0]   warningCount: 0,
[0]   message: '',
[0]   protocol41: true,
[0]   changedRows: 0
[0] }
[0] OkPacket {
[0]   fieldCount: 0,
[0]   affectedRows: 1,
[0]   insertId: 13490,
[0]   serverStatus: 2,
[0]   warningCount: 0,
[0]   message: '',
[0]   protocol41: true,
[0]   changedRows: 0
[0] }
[0] OkPacket {
[0]   fieldCount: 0,
[0]   affectedRows: 1,
[0]   insertId: 13575,
[0]   serverStatus: 2,
[0]   warningCount: 0,
[0]   message: '',
[0]   protocol41: true,
[0]   changedRows: 0
[0] }
[0] OkPacket {
[0]   fieldCount: 0,
[0]   affectedRows: 1,
[0]   insertId: 13895,
[0]   serverStatus: 2,
[0]   warningCount: 0,
[0]   message: '',
[0]   protocol41: true,
[0]   changedRows: 0
[0] }
[0] OkPacket {
[0]   fieldCount: 0,
[0]   affectedRows: 1,
[0]   insertId: 13491,
[0]   serverStatus: 2,
[0]   warningCount: 0,
[0]   message: '',
[0]   protocol41: true,
[0]   changedRows: 0
[0] }
[0] OkPacket {
[0]   fieldCount: 0,
[0]   affectedRows: 1,
[0]   insertId: 13576,
[0]   serverStatus: 2,
[0]   warningCount: 0,
[0]   message: '',
[0]   protocol41: true,
[0]   changedRows: 0
[0] }
[0] OkPacket {
[0]   fieldCount: 0,
[0]   affectedRows: 1,
[0]   insertId: 13896,
[0]   serverStatus: 2,
[0]   warningCount: 0,
[0]   message: '',
[0]   protocol41: true,
[0]   changedRows: 0
[0] }
[0] OkPacket {
[0]   fieldCount: 0,
[0]   affectedRows: 1,
[0]   insertId: 13492,
[0]   serverStatus: 2,
[0]   warningCount: 0,
[0]   message: '',
[0]   protocol41: true,
[0]   changedRows: 0
[0] }
[0] OkPacket {
[0]   fieldCount: 0,
[0]   affectedRows: 1,
[0]   insertId: 13577,
[0]   serverStatus: 2,
[0]   warningCount: 0,
[0]   message: '',
[0]   protocol41: true,
[0]   changedRows: 0
[0] }
[0] OkPacket {
[0]   fieldCount: 0,
[0]   affectedRows: 1,
[0]   insertId: 13897,
[0]   serverStatus: 2,
[0]   warningCount: 0,
[0]   message: '',
[0]   protocol41: true,
[0]   changedRows: 0
[0] }
[0] OkPacket {
[0]   fieldCount: 0,
[0]   affectedRows: 1,
[0]   insertId: 13493,
[0]   serverStatus: 2,
[0]   warningCount: 0,
[0]   message: '',
[0]   protocol41: true,
[0]   changedRows: 0
[0] }
[0] OkPacket {
[0]   fieldCount: 0,
[0]   affectedRows: 1,
[0]   insertId: 13578,
[0]   serverStatus: 2,
[0]   warningCount: 0,
[0]   message: '',
[0]   protocol41: true,
[0]   changedRows: 0
[0] }
[0] OkPacket {
[0]   fieldCount: 0,
[0]   affectedRows: 1,
[0]   insertId: 13898,
[0]   serverStatus: 2,
[0]   warningCount: 0,
[0]   message: '',
[0]   protocol41: true,
[0]   changedRows: 0
[0] }
[0] OkPacket {
[0]   fieldCount: 0,
[0]   affectedRows: 1,
[0]   insertId: 13494,
[0]   serverStatus: 2,
[0]   warningCount: 0,
[0]   message: '',
[0]   protocol41: true,
[0]   changedRows: 0
[0] }
[0] OkPacket {
[0]   fieldCount: 0,
[0]   affectedRows: 1,
[0]   insertId: 13579,
[0]   serverStatus: 2,
[0]   warningCount: 0,
[0]   message: '',
[0]   protocol41: true,
[0]   changedRows: 0
[0] }
[0] OkPacket {
[0]   fieldCount: 0,
[0]   affectedRows: 1,
[0]   insertId: 13899,
[0]   serverStatus: 2,
[0]   warningCount: 0,
[0]   message: '',
[0]   protocol41: true,
[0]   changedRows: 0
[0] }
[0] OkPacket {
[0]   fieldCount: 0,
[0]   affectedRows: 1,
[0]   insertId: 13495,
[0]   serverStatus: 2,
[0]   warningCount: 0,
[0]   message: '',
[0]   protocol41: true,
[0]   changedRows: 0
[0] }
[0] OkPacket {
[0]   fieldCount: 0,
[0]   affectedRows: 1,
[0]   insertId: 13580,
[0]   serverStatus: 2,
[0]   warningCount: 0,
[0]   message: '',
[0]   protocol41: true,
[0]   changedRows: 0
[0] }
[0] OkPacket {
[0]   fieldCount: 0,
[0]   affectedRows: 1,
[0]   insertId: 13900,
[0]   serverStatus: 2,
[0]   warningCount: 0,
[0]   message: '',
[0]   protocol41: true,
[0]   changedRows: 0
[0] }
[0] OkPacket {
[0]   fieldCount: 0,
[0]   affectedRows: 1,
[0]   insertId: 13496,
[0]   serverStatus: 2,
[0]   warningCount: 0,
[0]   message: '',
[0]   protocol41: true,
[0]   changedRows: 0
[0] }
[0] OkPacket {
[0]   fieldCount: 0,
[0]   affectedRows: 1,
[0]   insertId: 13581,
[0]   serverStatus: 2,
[0]   warningCount: 0,
[0]   message: '',
[0]   protocol41: true,
[0]   changedRows: 0
[0] }
[0] OkPacket {
[0]   fieldCount: 0,
[0]   affectedRows: 1,
[0]   insertId: 13901,
[0]   serverStatus: 2,
[0]   warningCount: 0,
[0]   message: '',
[0]   protocol41: true,
[0]   changedRows: 0
[0] }
[0] OkPacket {
[0]   fieldCount: 0,
[0]   affectedRows: 1,
[0]   insertId: 13497,
[0]   serverStatus: 2,
[0]   warningCount: 0,
[0]   message: '',
[0]   protocol41: true,
[0]   changedRows: 0
[0] }
[0] OkPacket {
[0]   fieldCount: 0,
[0]   affectedRows: 1,
[0]   insertId: 13582,
[0]   serverStatus: 2,
[0]   warningCount: 0,
[0]   message: '',
[0]   protocol41: true,
[0]   changedRows: 0
[0] }
[0] OkPacket {
[0]   fieldCount: 0,
[0]   affectedRows: 1,
[0]   insertId: 13902,
[0]   serverStatus: 2,
[0]   warningCount: 0,
[0]   message: '',
[0]   protocol41: true,
[0]   changedRows: 0
[0] }
[0] OkPacket {
[0]   fieldCount: 0,
[0]   affectedRows: 1,
[0]   insertId: 13498,
[0]   serverStatus: 2,
[0]   warningCount: 0,
[0]   message: '',
[0]   protocol41: true,
[0]   changedRows: 0
[0] }
[0] OkPacket {
[0]   fieldCount: 0,
[0]   affectedRows: 1,
[0]   insertId: 13583,
[0]   serverStatus: 2,
[0]   warningCount: 0,
[0]   message: '',
[0]   protocol41: true,
[0]   changedRows: 0
[0] }
[0] OkPacket {
[0]   fieldCount: 0,
[0]   affectedRows: 1,
[0]   insertId: 13903,
[0]   serverStatus: 2,
[0]   warningCount: 0,
[0]   message: '',
[0]   protocol41: true,
[0]   changedRows: 0
[0] }
[0] OkPacket {
[0]   fieldCount: 0,
[0]   affectedRows: 1,
[0]   insertId: 13499,
[0]   serverStatus: 2,
[0]   warningCount: 0,
[0]   message: '',
[0]   protocol41: true,
[0]   changedRows: 0
[0] }
[0] OkPacket {
[0]   fieldCount: 0,
[0]   affectedRows: 1,
[0]   insertId: 13584,
[0]   serverStatus: 2,
[0]   warningCount: 0,
[0]   message: '',
[0]   protocol41: true,
[0]   changedRows: 0
[0] }
[0] OkPacket {
[0]   fieldCount: 0,
[0]   affectedRows: 1,
[0]   insertId: 13904,
[0]   serverStatus: 2,
[0]   warningCount: 0,
[0]   message: '',
[0]   protocol41: true,
[0]   changedRows: 0
[0] }
[0] OkPacket {
[0]   fieldCount: 0,
[0]   affectedRows: 1,
[0]   insertId: 13500,
[0]   serverStatus: 2,
[0]   warningCount: 0,
[0]   message: '',
[0]   protocol41: true,
[0]   changedRows: 0
[0] }
[0] OkPacket {
[0]   fieldCount: 0,
[0]   affectedRows: 1,
[0]   insertId: 13585,
[0]   serverStatus: 2,
[0]   warningCount: 0,
[0]   message: '',
[0]   protocol41: true,
[0]   changedRows: 0
[0] }
[0] OkPacket {
[0]   fieldCount: 0,
[0]   affectedRows: 1,
[0]   insertId: 13905,
[0]   serverStatus: 2,
[0]   warningCount: 0,
[0]   message: '',
[0]   protocol41: true,
[0]   changedRows: 0
[0] }
[0] OkPacket {
[0]   fieldCount: 0,
[0]   affectedRows: 1,
[0]   insertId: 13501,
[0]   serverStatus: 2,
[0]   warningCount: 0,
[0]   message: '',
[0]   protocol41: true,
[0]   changedRows: 0
[0] }
[0] OkPacket {
[0]   fieldCount: 0,
[0]   affectedRows: 1,
[0]   insertId: 13586,
[0]   serverStatus: 2,
[0]   warningCount: 0,
[0]   message: '',
[0]   protocol41: true,
[0]   changedRows: 0
[0] }
[0] OkPacket {
[0]   fieldCount: 0,
[0]   affectedRows: 1,
[0]   insertId: 13906,
[0]   serverStatus: 2,
[0]   warningCount: 0,
[0]   message: '',
[0]   protocol41: true,
[0]   changedRows: 0
[0] }
[0] OkPacket {
[0]   fieldCount: 0,
[0]   affectedRows: 1,
[0]   insertId: 13502,
[0]   serverStatus: 2,
[0]   warningCount: 0,
[0]   message: '',
[0]   protocol41: true,
[0]   changedRows: 0
[0] }
[0] OkPacket {
[0]   fieldCount: 0,
[0]   affectedRows: 1,
[0]   insertId: 13587,
[0]   serverStatus: 2,
[0]   warningCount: 0,
[0]   message: '',
[0]   protocol41: true,
[0]   changedRows: 0
[0] }
[0] OkPacket {
[0]   fieldCount: 0,
[0]   affectedRows: 1,
[0]   insertId: 13907,
[0]   serverStatus: 2,
[0]   warningCount: 0,
[0]   message: '',
[0]   protocol41: true,
[0]   changedRows: 0
[0] }
[0] OkPacket {
[0]   fieldCount: 0,
[0]   affectedRows: 1,
[0]   insertId: 13503,
[0]   serverStatus: 2,
[0]   warningCount: 0,
[0]   message: '',
[0]   protocol41: true,
[0]   changedRows: 0
[0] }
[0] OkPacket {
[0]   fieldCount: 0,
[0]   affectedRows: 1,
[0]   insertId: 13588,
[0]   serverStatus: 2,
[0]   warningCount: 0,
[0]   message: '',
[0]   protocol41: true,
[0]   changedRows: 0
[0] }
[0] OkPacket {
[0]   fieldCount: 0,
[0]   affectedRows: 1,
[0]   insertId: 13908,
[0]   serverStatus: 2,
[0]   warningCount: 0,
[0]   message: '',
[0]   protocol41: true,
[0]   changedRows: 0
[0] }
[0] OkPacket {
[0]   fieldCount: 0,
[0]   affectedRows: 1,
[0]   insertId: 13504,
[0]   serverStatus: 2,
[0]   warningCount: 0,
[0]   message: '',
[0]   protocol41: true,
[0]   changedRows: 0
[0] }
[0] OkPacket {
[0]   fieldCount: 0,
[0]   affectedRows: 1,
[0]   insertId: 13589,
[0]   serverStatus: 2,
[0]   warningCount: 0,
[0]   message: '',
[0]   protocol41: true,
[0]   changedRows: 0
[0] }
[0] OkPacket {
[0]   fieldCount: 0,
[0]   affectedRows: 1,
[0]   insertId: 13909,
[0]   serverStatus: 2,
[0]   warningCount: 0,
[0]   message: '',
[0]   protocol41: true,
[0]   changedRows: 0
[0] }
[0] OkPacket {
[0]   fieldCount: 0,
[0]   affectedRows: 1,
[0]   insertId: 13505,
[0]   serverStatus: 2,
[0]   warningCount: 0,
[0]   message: '',
[0]   protocol41: true,
[0]   changedRows: 0
[0] }
[0] OkPacket {
[0]   fieldCount: 0,
[0]   affectedRows: 1,
[0]   insertId: 13590,
[0]   serverStatus: 2,
[0]   warningCount: 0,
[0]   message: '',
[0]   protocol41: true,
[0]   changedRows: 0
[0] }
[0] OkPacket {
[0]   fieldCount: 0,
[0]   affectedRows: 1,
[0]   insertId: 13910,
[0]   serverStatus: 2,
[0]   warningCount: 0,
[0]   message: '',
[0]   protocol41: true,
[0]   changedRows: 0
[0] }
[0] OkPacket {
[0]   fieldCount: 0,
[0]   affectedRows: 1,
[0]   insertId: 13506,
[0]   serverStatus: 2,
[0]   warningCount: 0,
[0]   message: '',
[0]   protocol41: true,
[0]   changedRows: 0
[0] }
