{
  level: 'error',
  message: 'MQTT SUBSCRIBE ERROR : Cannot subscribe',
  label: 'MQTT',
  timestamp: '2020-08-25 00:03:14'
}
{
  level: 'error',
  message: 'MQTT PUBLISH ERROR : SyntaxError: Unexpected token \n' +
    ' in JSON at position 60',
  label: 'MQTT',
  timestamp: '2020-08-25 01:40:50'
}
{
  level: 'error',
  message: 'MQTT SUBSCRIBE ERROR : Cannot subscribe',
  label: 'MQTT',
  timestamp: '2020-08-25 01:41:06'
}
{
  level: 'error',
  message: 'POST SETTING QUERY ERROR : ReferenceError: path is not defined',
  label: 'POST',
  timestamp: '2020-08-25 04:42:36'
}
